<?xml version="1.0" encoding="UTF-8"?>
<!-- Generated by org.testng.reporters.JUnitReportReporter -->
<testsuite skipped="0" hostname="DESKTOP-F9DLUB6" name="smoketest.smokesz" tests="1" failures="0" timestamp="28 Jul 2017 00:03:07 GMT" time="9.913" errors="0">
  <testcase name="test" time="9.913" classname="smoketest.smokesz"/>
</testsuite> <!-- smoketest.smokesz -->
